<?xml version="1.0" encoding="UTF-8"?>
<testng-results ignored="0" total="1" passed="1" failed="0" skipped="0">
  <reporter-output>
    <line>
      <![CDATA[Hiii]]>
    </line>
  </reporter-output>
  <suite started-at="2022-08-25T11:50:58 IST" name="Default suite" finished-at="2022-08-25T11:50:58 IST" duration-ms="49">
    <groups>
    </groups>
    <test started-at="2022-08-25T11:50:58 IST" name="Default test" finished-at="2022-08-25T11:50:58 IST" duration-ms="49">
      <class name="Testng.A">
        <test-method signature="TC()[pri:0, instance:Testng.A@10d307f1]" started-at="2022-08-25T11:50:58 IST" name="TC" finished-at="2022-08-25T11:50:58 IST" duration-ms="8" status="PASS">
          <reporter-output>
            <line>
              <![CDATA[Hiii]]>
            </line>
          </reporter-output>
        </test-method> <!-- TC -->
      </class> <!-- Testng.A -->
    </test> <!-- Default test -->
  </suite> <!-- Default suite -->
</testng-results>
